0 info it worked if it ends with ok
1 verbose cli [ 'D:\\Program Files\\nodejs\\node.exe',
1 verbose cli   'D:\\Program Files\\nodejs\\node_modules\\npm\\bin\\npm-cli.js',
1 verbose cli   'install',
1 verbose cli   'bycrypt' ]
2 info using npm@2.15.0
3 info using node@v4.4.2
4 verbose install initial load of J:\Habnode\package.json
5 verbose installManyTop reading scoped package data from J:\Habnode\node_modules\body-parser\package.json
6 verbose installManyTop reading scoped package data from J:\Habnode\node_modules\cookie-parser\package.json
7 verbose installManyTop reading scoped package data from J:\Habnode\node_modules\crypto\package.json
8 verbose installManyTop reading scoped package data from J:\Habnode\node_modules\debug\package.json
9 verbose installManyTop reading scoped package data from J:\Habnode\node_modules\ejs\package.json
10 verbose installManyTop reading scoped package data from J:\Habnode\node_modules\express\package.json
11 verbose installManyTop reading scoped package data from J:\Habnode\node_modules\express-session\package.json
12 verbose installManyTop reading scoped package data from J:\Habnode\node_modules\less-middleware\package.json
13 verbose installManyTop reading scoped package data from J:\Habnode\node_modules\morgan\package.json
14 verbose installManyTop reading scoped package data from J:\Habnode\node_modules\mysql2\package.json
15 verbose installManyTop reading scoped package data from J:\Habnode\node_modules\node-uuid\package.json
16 verbose installManyTop reading scoped package data from J:\Habnode\node_modules\serve-favicon\package.json
17 verbose installManyTop reading scoped package data from J:\Habnode\node_modules\socket.io\package.json
18 info package.json less-middleware@1.0.4 No license field.
19 info package.json node-uuid@1.4.7 No license field.
20 info package.json crypto@0.0.3 crypto is also the name of a node core module.
21 info package.json crypto@0.0.3 No license field.
22 verbose readDependencies loading dependencies from J:\Habnode\package.json
23 silly cache add args [ 'bycrypt', null ]
24 verbose cache add spec bycrypt
25 silly cache add parsed spec Result {
25 silly cache add   raw: 'bycrypt',
25 silly cache add   scope: null,
25 silly cache add   name: 'bycrypt',
25 silly cache add   rawSpec: '',
25 silly cache add   spec: 'latest',
25 silly cache add   type: 'tag' }
26 silly addNamed bycrypt@latest
27 verbose addNamed "latest" is being treated as a dist-tag for bycrypt
28 info addNameTag [ 'bycrypt', 'latest' ]
29 silly mapToRegistry name bycrypt
30 silly mapToRegistry using default registry
31 silly mapToRegistry registry https://registry.npmjs.org/
32 silly mapToRegistry data Result {
32 silly mapToRegistry   raw: 'bycrypt',
32 silly mapToRegistry   scope: null,
32 silly mapToRegistry   name: 'bycrypt',
32 silly mapToRegistry   rawSpec: '',
32 silly mapToRegistry   spec: 'latest',
32 silly mapToRegistry   type: 'tag' }
33 silly mapToRegistry uri https://registry.npmjs.org/bycrypt
34 verbose addNameTag registry:https://registry.npmjs.org/bycrypt not in flight; fetching
35 verbose request uri https://registry.npmjs.org/bycrypt
36 verbose request no auth needed
37 info attempt registry request try #1 at 16:15:27
38 verbose request id 7bf5893ce662a316
39 http request GET https://registry.npmjs.org/bycrypt
40 info retry will retry, error on last attempt: Error: getaddrinfo ENOTFOUND registry.npmjs.org registry.npmjs.org:443
41 info attempt registry request try #2 at 16:15:37
42 http request GET https://registry.npmjs.org/bycrypt
43 http 404 https://registry.npmjs.org/bycrypt
44 verbose headers { 'content-type': 'application/json',
44 verbose headers   'cache-control': 'max-age=0',
44 verbose headers   'content-length': '2',
44 verbose headers   'accept-ranges': 'bytes',
44 verbose headers   date: 'Sun, 17 Apr 2016 14:15:46 GMT',
44 verbose headers   via: '1.1 varnish',
44 verbose headers   age: '0',
44 verbose headers   connection: 'keep-alive',
44 verbose headers   'x-served-by': 'cache-ams4136-AMS',
44 verbose headers   'x-cache': 'MISS',
44 verbose headers   'x-cache-hits': '0',
44 verbose headers   'x-timer': 'S1460902545.505849,VS0,VE690',
44 verbose headers   vary: 'Accept-Encoding' }
45 silly get cb [ 404,
45 silly get   { 'content-type': 'application/json',
45 silly get     'cache-control': 'max-age=0',
45 silly get     'content-length': '2',
45 silly get     'accept-ranges': 'bytes',
45 silly get     date: 'Sun, 17 Apr 2016 14:15:46 GMT',
45 silly get     via: '1.1 varnish',
45 silly get     age: '0',
45 silly get     connection: 'keep-alive',
45 silly get     'x-served-by': 'cache-ams4136-AMS',
45 silly get     'x-cache': 'MISS',
45 silly get     'x-cache-hits': '0',
45 silly get     'x-timer': 'S1460902545.505849,VS0,VE690',
45 silly get     vary: 'Accept-Encoding' } ]
46 verbose stack Error: Registry returned 404 for GET on https://registry.npmjs.org/bycrypt
46 verbose stack     at makeError (D:\Program Files\nodejs\node_modules\npm\node_modules\npm-registry-client\lib\request.js:264:12)
46 verbose stack     at CachingRegistryClient.<anonymous> (D:\Program Files\nodejs\node_modules\npm\node_modules\npm-registry-client\lib\request.js:242:14)
46 verbose stack     at Request._callback (D:\Program Files\nodejs\node_modules\npm\node_modules\npm-registry-client\lib\request.js:172:14)
46 verbose stack     at Request.self.callback (D:\Program Files\nodejs\node_modules\npm\node_modules\request\request.js:199:22)
46 verbose stack     at emitTwo (events.js:87:13)
46 verbose stack     at Request.emit (events.js:172:7)
46 verbose stack     at Request.<anonymous> (D:\Program Files\nodejs\node_modules\npm\node_modules\request\request.js:1036:10)
46 verbose stack     at emitOne (events.js:82:20)
46 verbose stack     at Request.emit (events.js:169:7)
46 verbose stack     at IncomingMessage.<anonymous> (D:\Program Files\nodejs\node_modules\npm\node_modules\request\request.js:963:12)
47 verbose statusCode 404
48 verbose pkgid bycrypt
49 verbose cwd J:\Habnode
50 error Windows_NT 10.0.10240
51 error argv "D:\\Program Files\\nodejs\\node.exe" "D:\\Program Files\\nodejs\\node_modules\\npm\\bin\\npm-cli.js" "install" "bycrypt"
52 error node v4.4.2
53 error npm  v2.15.0
54 error code E404
55 error 404 Registry returned 404 for GET on https://registry.npmjs.org/bycrypt
55 error 404
55 error 404 'bycrypt' is not in the npm registry.
55 error 404 You should bug the author to publish it (or use the name yourself!)
55 error 404 It was specified as a dependency of 'Habnode'
55 error 404
55 error 404 Note that you can also install from a
55 error 404 tarball, folder, http url, or git url.
56 verbose exit [ 1, true ]
